<?xml version="1.0" encoding="UTF-8"?>
<testng-results ignored="0" total="1" passed="1" failed="0" skipped="0">
  <reporter-output>
    <line>
      <![CDATA[Application opened]]>
    </line>
  </reporter-output>
  <suite started-at="2022-11-13T20:17:42 IST" name="Default suite" finished-at="2022-11-13T20:17:57 IST" duration-ms="14841">
    <groups>
    </groups>
    <test started-at="2022-11-13T20:17:42 IST" name="Default test" finished-at="2022-11-13T20:17:57 IST" duration-ms="14841">
      <class name="com.hrms.testscripts.TC002">
        <test-method signature="tc002()[pri:0, instance:com.hrms.testscripts.TC002@5f058f00]" started-at="2022-11-13T20:17:42 IST" name="tc002" finished-at="2022-11-13T20:17:57 IST" duration-ms="14779" status="PASS">
          <reporter-output>
            <line>
              <![CDATA[Application opened]]>
            </line>
          </reporter-output>
        </test-method> <!-- tc002 -->
      </class> <!-- com.hrms.testscripts.TC002 -->
    </test> <!-- Default test -->
  </suite> <!-- Default suite -->
</testng-results>
